<?xml version="1.0" encoding="UTF-8"?>
<!-- Generated by org.testng.reporters.JUnitReportReporter -->
<testsuite hostname="LTCH-5CD1184D98" failures="0" tests="2" name="Abhi.Ram.standAloneTest" time="51.635" errors="0" timestamp="2024-08-04T22:11:52 IST" skipped="0">
  <testcase classname="Abhi.Ram.standAloneTest" name="OrderHistoryTest" time="15.107"/>
  <system-out/>
  <testcase classname="Abhi.Ram.standAloneTest" name="submitOrder" time="36.528"/>
  <system-out/>
</testsuite> <!-- Abhi.Ram.standAloneTest -->
