<?xml version="1.0" encoding="UTF-8"?>
<!-- Generated by org.testng.reporters.JUnitReportReporter -->
<testsuite hostname="LTCH-5CD1184D98" failures="0" tests="1" name="Abhi.Ram.ErrorValidations" time="5.502" errors="0" timestamp="2024-03-07T21:22:52 IST" skipped="0">
  <testcase classname="Abhi.Ram.ErrorValidations" name="submitOrder" time="5.502"/>
</testsuite> <!-- Abhi.Ram.ErrorValidations -->
