<?xml version="1.0" encoding="UTF-8"?>
<!-- Generated by org.testng.reporters.JUnitReportReporter -->
<testsuite hostname="LTCH-5CD1184D98" failures="0" tests="1" name="cucumber.TestNGTestRunner" time="23.121" errors="0" timestamp="2024-08-06T19:11:17 IST" skipped="0">
  <testcase classname="cucumber.TestNGTestRunner" name="runScenario" time="23.121"/>
  <system-out/>
</testsuite> <!-- cucumber.TestNGTestRunner -->
